2025-03-15 19:12:22 [background-preinit] INFO  o.h.validator.internal.util.Version - HV000001: Hibernate Validator 8.0.2.Final
2025-03-15 19:12:22 [main] INFO  c.a.E.c.EmployeeControllerTest - Starting EmployeeControllerTest using Java 17.0.11 with PID 14156 (started by VENKATESH_BHARATH in C:\Users\USER\Downloads\EmployeeManagement\EmployeeManagement)
2025-03-15 19:12:22 [main] INFO  c.a.E.c.EmployeeControllerTest - No active profile set, falling back to 1 default profile: "default"
2025-03-15 19:12:28 [main] INFO  o.s.b.t.m.w.SpringBootMockServletContext - Initializing Spring TestDispatcherServlet ''
2025-03-15 19:12:28 [main] INFO  o.s.t.w.s.TestDispatcherServlet - Initializing Servlet ''
2025-03-15 19:12:28 [main] INFO  o.s.t.w.s.TestDispatcherServlet - Completed initialization in 5 ms
2025-03-15 19:12:28 [main] INFO  c.a.E.c.EmployeeControllerTest - Started EmployeeControllerTest in 7.821 seconds (process running for 11.235)
2025-03-15 19:12:29 [main] WARN  c.a.E.controller.EmployeeController - Delete Employee API called 
2025-03-15 19:12:29 [main] INFO  c.a.E.controller.EmployeeController - Employee Deleted successfully with Id:1 
2025-03-15 19:12:29 [main] INFO  c.a.E.controller.EmployeeController - Get All Employees API called 
2025-03-15 19:12:29 [main] INFO  c.a.E.controller.EmployeeController - Create Employee API called 
2025-03-15 19:12:29 [main] INFO  c.a.E.controller.EmployeeController - Employee created successfully with Id:0 
2025-03-15 19:12:30 [main] INFO  c.a.E.controller.EmployeeController - Update Employee API called 
2025-03-15 19:12:30 [main] INFO  c.a.E.controller.EmployeeController - Employee Updated successfully with Id:1 
2025-03-15 19:13:25 [background-preinit] INFO  o.h.validator.internal.util.Version - HV000001: Hibernate Validator 8.0.2.Final
2025-03-15 19:13:26 [main] INFO  c.a.E.c.EmployeeControllerTest - Starting EmployeeControllerTest using Java 17.0.11 with PID 580 (started by VENKATESH_BHARATH in C:\Users\USER\Downloads\EmployeeManagement\EmployeeManagement)
2025-03-15 19:13:26 [main] INFO  c.a.E.c.EmployeeControllerTest - No active profile set, falling back to 1 default profile: "default"
2025-03-15 19:13:30 [main] INFO  o.s.b.t.m.w.SpringBootMockServletContext - Initializing Spring TestDispatcherServlet ''
2025-03-15 19:13:30 [main] INFO  o.s.t.w.s.TestDispatcherServlet - Initializing Servlet ''
2025-03-15 19:13:30 [main] INFO  o.s.t.w.s.TestDispatcherServlet - Completed initialization in 3 ms
2025-03-15 19:13:30 [main] INFO  c.a.E.c.EmployeeControllerTest - Started EmployeeControllerTest in 6.02 seconds (process running for 8.79)
2025-03-15 19:13:31 [main] WARN  c.a.E.controller.EmployeeController - Delete Employee API called 
2025-03-15 19:13:31 [main] INFO  c.a.E.controller.EmployeeController - Employee Deleted successfully with Id:1 
2025-03-15 19:13:31 [main] INFO  c.a.E.controller.EmployeeController - Get All Employees API called 
2025-03-15 19:13:32 [main] INFO  c.a.E.controller.EmployeeController - Create Employee API called 
2025-03-15 19:13:32 [main] INFO  c.a.E.controller.EmployeeController - Employee created successfully with Id:0 
2025-03-15 19:13:32 [main] INFO  c.a.E.controller.EmployeeController - Update Employee API called 
2025-03-15 19:13:32 [main] INFO  c.a.E.controller.EmployeeController - Employee Updated successfully with Id:1 
2025-03-15 19:13:32 [main] WARN  c.a.E.service.EmployeeServiceImpl - Called Delete Employee service method
2025-03-15 19:13:32 [main] INFO  c.a.E.service.EmployeeServiceImpl - Employee deleted successfully
2025-03-15 19:13:32 [main] INFO  c.a.E.service.EmployeeServiceImpl - Called Featch all employes service method
2025-03-15 19:13:32 [main] INFO  c.a.E.service.EmployeeServiceImpl - Called Creating Employee service method
2025-03-15 19:13:32 [main] INFO  c.a.E.service.EmployeeServiceImpl - Called Update Employee service method
2025-03-15 19:13:32 [main] INFO  c.a.E.service.EmployeeServiceImpl - Update Employee successfuly
2025-03-15 19:13:32 [main] WARN  c.a.E.service.EmployeeServiceImpl - Called Delete Employee service method
2025-03-15 19:13:32 [main] ERROR c.a.E.service.EmployeeServiceImpl - Employee id 1 not found
2025-03-15 19:13:32 [main] INFO  o.s.t.c.s.AnnotationConfigContextLoaderUtils - Could not detect default configuration classes for test class [com.abc.EmployeeManagement.EmployeeManagementApplicationTests]: EmployeeManagementApplicationTests does not declare any static, non-private, non-final, nested classes annotated with @Configuration.
2025-03-15 19:13:32 [main] INFO  o.s.b.t.c.SpringBootTestContextBootstrapper - Found @SpringBootConfiguration com.abc.EmployeeManagement.EmployeeManagementApplication for test class com.abc.EmployeeManagement.EmployeeManagementApplicationTests
2025-03-15 19:13:32 [main] INFO  o.s.b.d.r.RestartApplicationListener - Restart disabled due to context in which it is running
2025-03-15 19:13:33 [main] INFO  c.a.E.EmployeeManagementApplicationTests - Starting EmployeeManagementApplicationTests using Java 17.0.11 with PID 580 (started by VENKATESH_BHARATH in C:\Users\USER\Downloads\EmployeeManagement\EmployeeManagement)
2025-03-15 19:13:33 [main] INFO  c.a.E.EmployeeManagementApplicationTests - No active profile set, falling back to 1 default profile: "default"
2025-03-15 19:13:35 [main] INFO  o.s.d.r.c.RepositoryConfigurationDelegate - Bootstrapping Spring Data JPA repositories in DEFAULT mode.
2025-03-15 19:13:35 [main] INFO  o.s.d.r.c.RepositoryConfigurationDelegate - Finished Spring Data repository scanning in 108 ms. Found 1 JPA repository interface.
2025-03-15 19:13:36 [main] INFO  com.zaxxer.hikari.HikariDataSource - HikariPool-1 - Starting...
2025-03-15 19:13:36 [main] INFO  com.zaxxer.hikari.pool.HikariPool - HikariPool-1 - Added connection conn0: url=jdbc:h2:mem:ca98a45b-a306-4cee-b3ca-b335d0f875e5 user=SA
2025-03-15 19:13:36 [main] INFO  com.zaxxer.hikari.HikariDataSource - HikariPool-1 - Start completed.
2025-03-15 19:13:37 [main] INFO  o.h.jpa.internal.util.LogHelper - HHH000204: Processing PersistenceUnitInfo [name: default]
2025-03-15 19:13:37 [main] INFO  org.hibernate.Version - HHH000412: Hibernate ORM core version 6.6.8.Final
2025-03-15 19:13:37 [main] INFO  o.h.c.i.RegionFactoryInitiator - HHH000026: Second-level cache disabled
2025-03-15 19:13:37 [main] INFO  o.s.o.j.p.SpringPersistenceUnitInfo - No LoadTimeWeaver setup: ignoring JPA class transformer
2025-03-15 19:13:38 [main] INFO  o.hibernate.orm.connections.pooling - HHH10001005: Database info:
	Database JDBC URL [Connecting through datasource 'HikariDataSource (HikariPool-1)']
	Database driver: undefined/unknown
	Database version: 2.3.232
	Autocommit mode: undefined/unknown
	Isolation level: undefined/unknown
	Minimum pool size: undefined/unknown
	Maximum pool size: undefined/unknown
2025-03-15 19:13:39 [main] INFO  o.h.e.t.j.p.i.JtaPlatformInitiator - HHH000489: No JTA platform available (set 'hibernate.transaction.jta.platform' to enable JTA platform integration)
2025-03-15 19:13:39 [main] INFO  o.s.o.j.LocalContainerEntityManagerFactoryBean - Initialized JPA EntityManagerFactory for persistence unit 'default'
2025-03-15 19:13:41 [main] INFO  o.s.b.a.e.web.EndpointLinksResolver - Exposing 15 endpoints beneath base path '/actuator'
2025-03-15 19:13:41 [main] WARN  o.s.b.a.o.j.JpaBaseConfiguration$JpaWebConfiguration - spring.jpa.open-in-view is enabled by default. Therefore, database queries may be performed during view rendering. Explicitly configure spring.jpa.open-in-view to disable this warning
2025-03-15 19:13:43 [main] INFO  c.a.E.EmployeeManagementApplicationTests - Started EmployeeManagementApplicationTests in 10.268 seconds (process running for 21.007)
2025-03-15 19:13:43 [main] INFO  o.s.t.c.s.AnnotationConfigContextLoaderUtils - Could not detect default configuration classes for test class [com.abc.EmployeeManagement.repository.EmployeeRepositoryTest]: EmployeeRepositoryTest does not declare any static, non-private, non-final, nested classes annotated with @Configuration.
2025-03-15 19:13:43 [main] INFO  o.s.b.t.c.SpringBootTestContextBootstrapper - Found @SpringBootConfiguration com.abc.EmployeeManagement.EmployeeManagementApplication for test class com.abc.EmployeeManagement.repository.EmployeeRepositoryTest
2025-03-15 19:13:43 [main] INFO  o.s.b.d.r.RestartApplicationListener - Restart disabled due to context in which it is running
2025-03-15 19:13:43 [main] INFO  c.a.E.r.EmployeeRepositoryTest - Starting EmployeeRepositoryTest using Java 17.0.11 with PID 580 (started by VENKATESH_BHARATH in C:\Users\USER\Downloads\EmployeeManagement\EmployeeManagement)
2025-03-15 19:13:43 [main] INFO  c.a.E.r.EmployeeRepositoryTest - No active profile set, falling back to 1 default profile: "default"
2025-03-15 19:13:43 [main] INFO  o.s.d.r.c.RepositoryConfigurationDelegate - Bootstrapping Spring Data JPA repositories in DEFAULT mode.
2025-03-15 19:13:43 [main] INFO  o.s.d.r.c.RepositoryConfigurationDelegate - Finished Spring Data repository scanning in 32 ms. Found 1 JPA repository interface.
2025-03-15 19:13:43 [main] INFO  o.s.b.t.a.j.TestDatabaseAutoConfiguration$EmbeddedDataSourceBeanFactoryPostProcessor - Replacing 'dataSource' DataSource bean with embedded version
2025-03-15 19:13:43 [main] INFO  o.s.j.d.e.EmbeddedDatabaseFactory - Starting embedded database: url='jdbc:h2:mem:03b02214-dca4-4c36-8c7e-62c764b5c0b5;DB_CLOSE_DELAY=-1;DB_CLOSE_ON_EXIT=false', username='sa'
2025-03-15 19:13:43 [main] INFO  o.h.jpa.internal.util.LogHelper - HHH000204: Processing PersistenceUnitInfo [name: default]
2025-03-15 19:13:43 [main] INFO  o.h.c.i.RegionFactoryInitiator - HHH000026: Second-level cache disabled
2025-03-15 19:13:43 [main] INFO  o.s.o.j.p.SpringPersistenceUnitInfo - No LoadTimeWeaver setup: ignoring JPA class transformer
2025-03-15 19:13:43 [main] INFO  o.hibernate.orm.connections.pooling - HHH10001005: Database info:
	Database JDBC URL [Connecting through datasource 'org.springframework.jdbc.datasource.embedded.EmbeddedDatabaseFactory$EmbeddedDataSourceProxy@e2cf713']
	Database driver: undefined/unknown
	Database version: 2.3.232
	Autocommit mode: undefined/unknown
	Isolation level: undefined/unknown
	Minimum pool size: undefined/unknown
	Maximum pool size: undefined/unknown
2025-03-15 19:13:44 [main] INFO  o.h.e.t.j.p.i.JtaPlatformInitiator - HHH000489: No JTA platform available (set 'hibernate.transaction.jta.platform' to enable JTA platform integration)
2025-03-15 19:13:44 [main] INFO  o.s.o.j.LocalContainerEntityManagerFactoryBean - Initialized JPA EntityManagerFactory for persistence unit 'default'
2025-03-15 19:13:44 [main] INFO  c.a.E.r.EmployeeRepositoryTest - Started EmployeeRepositoryTest in 0.696 seconds (process running for 21.959)
2025-03-15 19:13:44 [SpringApplicationShutdownHook] INFO  o.s.o.j.LocalContainerEntityManagerFactoryBean - Closing JPA EntityManagerFactory for persistence unit 'default'
2025-03-15 19:13:45 [SpringApplicationShutdownHook] INFO  com.zaxxer.hikari.HikariDataSource - HikariPool-1 - Shutdown initiated...
2025-03-15 19:13:45 [SpringApplicationShutdownHook] INFO  com.zaxxer.hikari.HikariDataSource - HikariPool-1 - Shutdown completed.
2025-03-15 19:13:45 [SpringApplicationShutdownHook] INFO  o.s.o.j.LocalContainerEntityManagerFactoryBean - Closing JPA EntityManagerFactory for persistence unit 'default'
