2025-03-14 14:54:08 [main] INFO  c.a.E.EmployeeManagementApplicationTests - Starting EmployeeManagementApplicationTests using Java 17.0.11 with PID 16212 (started by VENKATESH_BHARATH in C:\Users\USER\Downloads\EmployeeManagement\EmployeeManagement)
2025-03-14 14:54:08 [main] INFO  c.a.E.EmployeeManagementApplicationTests - No active profile set, falling back to 1 default profile: "default"
2025-03-14 14:54:10 [main] INFO  o.s.d.r.c.RepositoryConfigurationDelegate - Bootstrapping Spring Data JPA repositories in DEFAULT mode.
2025-03-14 14:54:10 [main] INFO  o.s.d.r.c.RepositoryConfigurationDelegate - Finished Spring Data repository scanning in 113 ms. Found 1 JPA repository interface.
2025-03-14 14:54:12 [main] INFO  com.zaxxer.hikari.HikariDataSource - HikariPool-1 - Starting...
2025-03-14 14:54:12 [main] INFO  com.zaxxer.hikari.pool.HikariPool - HikariPool-1 - Added connection conn0: url=jdbc:h2:mem:263aa9f9-75c0-4545-9b17-1a3e85db6f61 user=SA
2025-03-14 14:54:12 [main] INFO  com.zaxxer.hikari.HikariDataSource - HikariPool-1 - Start completed.
2025-03-14 14:54:12 [main] INFO  o.h.jpa.internal.util.LogHelper - HHH000204: Processing PersistenceUnitInfo [name: default]
2025-03-14 14:54:12 [main] INFO  org.hibernate.Version - HHH000412: Hibernate ORM core version 6.6.8.Final
2025-03-14 14:54:12 [main] INFO  o.h.c.i.RegionFactoryInitiator - HHH000026: Second-level cache disabled
2025-03-14 14:54:13 [main] INFO  o.s.o.j.p.SpringPersistenceUnitInfo - No LoadTimeWeaver setup: ignoring JPA class transformer
2025-03-14 14:54:13 [main] INFO  o.hibernate.orm.connections.pooling - HHH10001005: Database info:
	Database JDBC URL [Connecting through datasource 'HikariDataSource (HikariPool-1)']
	Database driver: undefined/unknown
	Database version: 2.3.232
	Autocommit mode: undefined/unknown
	Isolation level: undefined/unknown
	Minimum pool size: undefined/unknown
	Maximum pool size: undefined/unknown
2025-03-14 14:54:14 [main] INFO  o.h.e.t.j.p.i.JtaPlatformInitiator - HHH000489: No JTA platform available (set 'hibernate.transaction.jta.platform' to enable JTA platform integration)
2025-03-14 14:54:14 [main] INFO  o.s.o.j.LocalContainerEntityManagerFactoryBean - Initialized JPA EntityManagerFactory for persistence unit 'default'
2025-03-14 14:54:16 [main] INFO  o.s.b.a.e.web.EndpointLinksResolver - Exposing 15 endpoints beneath base path '/actuator'
2025-03-14 14:54:16 [main] WARN  o.s.b.a.o.j.JpaBaseConfiguration$JpaWebConfiguration - spring.jpa.open-in-view is enabled by default. Therefore, database queries may be performed during view rendering. Explicitly configure spring.jpa.open-in-view to disable this warning
2025-03-14 14:54:17 [main] INFO  c.a.E.EmployeeManagementApplicationTests - Started EmployeeManagementApplicationTests in 10.693 seconds (process running for 22.242)
2025-03-14 14:54:18 [main] INFO  o.s.t.c.s.AnnotationConfigContextLoaderUtils - Could not detect default configuration classes for test class [com.abc.EmployeeManagement.repository.EmployeeRepositoryTest]: EmployeeRepositoryTest does not declare any static, non-private, non-final, nested classes annotated with @Configuration.
2025-03-14 14:54:18 [main] INFO  o.s.b.t.c.SpringBootTestContextBootstrapper - Found @SpringBootConfiguration com.abc.EmployeeManagement.EmployeeManagementApplication for test class com.abc.EmployeeManagement.repository.EmployeeRepositoryTest
2025-03-14 14:54:18 [main] INFO  o.s.b.d.r.RestartApplicationListener - Restart disabled due to context in which it is running
2025-03-14 14:54:18 [main] INFO  c.a.E.r.EmployeeRepositoryTest - Starting EmployeeRepositoryTest using Java 17.0.11 with PID 16212 (started by VENKATESH_BHARATH in C:\Users\USER\Downloads\EmployeeManagement\EmployeeManagement)
2025-03-14 14:54:18 [main] INFO  c.a.E.r.EmployeeRepositoryTest - No active profile set, falling back to 1 default profile: "default"
2025-03-14 14:54:18 [main] INFO  o.s.d.r.c.RepositoryConfigurationDelegate - Bootstrapping Spring Data JPA repositories in DEFAULT mode.
2025-03-14 14:54:18 [main] INFO  o.s.d.r.c.RepositoryConfigurationDelegate - Finished Spring Data repository scanning in 24 ms. Found 1 JPA repository interface.
2025-03-14 14:54:18 [main] INFO  o.s.b.t.a.j.TestDatabaseAutoConfiguration$EmbeddedDataSourceBeanFactoryPostProcessor - Replacing 'dataSource' DataSource bean with embedded version
2025-03-14 14:54:18 [main] INFO  o.s.j.d.e.EmbeddedDatabaseFactory - Starting embedded database: url='jdbc:h2:mem:3a753e13-c791-4388-a7d8-787e0c314ebc;DB_CLOSE_DELAY=-1;DB_CLOSE_ON_EXIT=false', username='sa'
2025-03-14 14:54:18 [main] INFO  o.h.jpa.internal.util.LogHelper - HHH000204: Processing PersistenceUnitInfo [name: default]
2025-03-14 14:54:18 [main] INFO  o.h.c.i.RegionFactoryInitiator - HHH000026: Second-level cache disabled
2025-03-14 14:54:18 [main] INFO  o.s.o.j.p.SpringPersistenceUnitInfo - No LoadTimeWeaver setup: ignoring JPA class transformer
2025-03-14 14:54:18 [main] INFO  o.hibernate.orm.connections.pooling - HHH10001005: Database info:
	Database JDBC URL [Connecting through datasource 'org.springframework.jdbc.datasource.embedded.EmbeddedDatabaseFactory$EmbeddedDataSourceProxy@70225ba5']
	Database driver: undefined/unknown
	Database version: 2.3.232
	Autocommit mode: undefined/unknown
	Isolation level: undefined/unknown
	Minimum pool size: undefined/unknown
	Maximum pool size: undefined/unknown
2025-03-14 14:54:18 [main] INFO  o.h.e.t.j.p.i.JtaPlatformInitiator - HHH000489: No JTA platform available (set 'hibernate.transaction.jta.platform' to enable JTA platform integration)
2025-03-14 14:54:18 [main] INFO  o.s.o.j.LocalContainerEntityManagerFactoryBean - Initialized JPA EntityManagerFactory for persistence unit 'default'
2025-03-14 14:54:18 [main] INFO  c.a.E.r.EmployeeRepositoryTest - Started EmployeeRepositoryTest in 0.49 seconds (process running for 22.944)
2025-03-14 14:54:19 [SpringApplicationShutdownHook] INFO  o.s.o.j.LocalContainerEntityManagerFactoryBean - Closing JPA EntityManagerFactory for persistence unit 'default'
2025-03-14 14:54:19 [SpringApplicationShutdownHook] INFO  com.zaxxer.hikari.HikariDataSource - HikariPool-1 - Shutdown initiated...
2025-03-14 14:54:19 [SpringApplicationShutdownHook] INFO  com.zaxxer.hikari.HikariDataSource - HikariPool-1 - Shutdown completed.
2025-03-14 14:54:19 [SpringApplicationShutdownHook] INFO  o.s.o.j.LocalContainerEntityManagerFactoryBean - Closing JPA EntityManagerFactory for persistence unit 'default'
2025-03-14 15:21:42 [background-preinit] INFO  o.h.validator.internal.util.Version - HV000001: Hibernate Validator 8.0.2.Final
2025-03-14 15:21:42 [main] INFO  c.a.E.c.EmployeeControllerTest - Starting EmployeeControllerTest using Java 17.0.11 with PID 9064 (started by VENKATESH_BHARATH in C:\Users\USER\Downloads\EmployeeManagement\EmployeeManagement)
2025-03-14 15:21:42 [main] INFO  c.a.E.c.EmployeeControllerTest - No active profile set, falling back to 1 default profile: "default"
2025-03-14 15:21:49 [main] INFO  o.s.b.t.m.w.SpringBootMockServletContext - Initializing Spring TestDispatcherServlet ''
2025-03-14 15:21:49 [main] INFO  o.s.t.w.s.TestDispatcherServlet - Initializing Servlet ''
2025-03-14 15:21:49 [main] INFO  o.s.t.w.s.TestDispatcherServlet - Completed initialization in 2 ms
2025-03-14 15:21:49 [main] INFO  c.a.E.c.EmployeeControllerTest - Started EmployeeControllerTest in 8.232 seconds (process running for 10.908)
2025-03-14 15:21:49 [main] WARN  c.a.E.controller.EmployeeController - Delete Employee API called 
2025-03-14 15:21:49 [main] INFO  c.a.E.controller.EmployeeController - Employee Deleted successfully with Id:1 
2025-03-14 15:21:49 [main] INFO  c.a.E.controller.EmployeeController - Update Employee API called 
2025-03-14 15:21:49 [main] INFO  c.a.E.controller.EmployeeController - Employee Updated successfully with Id:1 
2025-03-14 15:21:50 [main] INFO  c.a.E.controller.EmployeeController - Create Employee API called 
2025-03-14 15:21:50 [main] INFO  c.a.E.controller.EmployeeController - Employee created successfully with Id:1 
2025-03-14 15:21:50 [main] INFO  c.a.E.controller.EmployeeController - Get All Employees API called 
2025-03-14 15:22:13 [background-preinit] INFO  o.h.validator.internal.util.Version - HV000001: Hibernate Validator 8.0.2.Final
2025-03-14 15:22:14 [main] INFO  c.a.E.c.EmployeeControllerTest - Starting EmployeeControllerTest using Java 17.0.11 with PID 1952 (started by VENKATESH_BHARATH in C:\Users\USER\Downloads\EmployeeManagement\EmployeeManagement)
2025-03-14 15:22:14 [main] INFO  c.a.E.c.EmployeeControllerTest - No active profile set, falling back to 1 default profile: "default"
2025-03-14 15:22:19 [main] INFO  o.s.b.t.m.w.SpringBootMockServletContext - Initializing Spring TestDispatcherServlet ''
2025-03-14 15:22:19 [main] INFO  o.s.t.w.s.TestDispatcherServlet - Initializing Servlet ''
2025-03-14 15:22:19 [main] INFO  o.s.t.w.s.TestDispatcherServlet - Completed initialization in 3 ms
2025-03-14 15:22:19 [main] INFO  c.a.E.c.EmployeeControllerTest - Started EmployeeControllerTest in 6.879 seconds (process running for 10.607)
2025-03-14 15:22:19 [main] WARN  c.a.E.controller.EmployeeController - Delete Employee API called 
2025-03-14 15:22:19 [main] INFO  c.a.E.controller.EmployeeController - Employee Deleted successfully with Id:1 
2025-03-14 15:22:19 [main] INFO  c.a.E.controller.EmployeeController - Update Employee API called 
2025-03-14 15:22:19 [main] INFO  c.a.E.controller.EmployeeController - Employee Updated successfully with Id:1 
2025-03-14 15:22:20 [main] INFO  c.a.E.controller.EmployeeController - Create Employee API called 
2025-03-14 15:22:20 [main] INFO  c.a.E.controller.EmployeeController - Employee created successfully with Id:1 
2025-03-14 15:22:20 [main] INFO  c.a.E.controller.EmployeeController - Get All Employees API called 
2025-03-14 15:22:20 [main] WARN  c.a.E.service.EmployeeServiceImpl - Called Delete Employee service method
2025-03-14 15:22:20 [main] INFO  c.a.E.service.EmployeeServiceImpl - Employee deleted successfully
2025-03-14 15:22:20 [main] INFO  c.a.E.service.EmployeeServiceImpl - Called Featch all employes service method
2025-03-14 15:22:20 [main] INFO  c.a.E.service.EmployeeServiceImpl - Called Creating Employee service method
2025-03-14 15:22:20 [main] INFO  c.a.E.service.EmployeeServiceImpl - Called Update Employee service method
2025-03-14 15:22:20 [main] INFO  c.a.E.service.EmployeeServiceImpl - Update Employee successfuly
2025-03-14 15:22:20 [main] WARN  c.a.E.service.EmployeeServiceImpl - Called Delete Employee service method
2025-03-14 15:22:20 [main] ERROR c.a.E.service.EmployeeServiceImpl - Employee id 1 not found
2025-03-14 15:22:20 [main] INFO  o.s.t.c.s.AnnotationConfigContextLoaderUtils - Could not detect default configuration classes for test class [com.abc.EmployeeManagement.EmployeeManagementApplicationTests]: EmployeeManagementApplicationTests does not declare any static, non-private, non-final, nested classes annotated with @Configuration.
2025-03-14 15:22:20 [main] INFO  o.s.b.t.c.SpringBootTestContextBootstrapper - Found @SpringBootConfiguration com.abc.EmployeeManagement.EmployeeManagementApplication for test class com.abc.EmployeeManagement.EmployeeManagementApplicationTests
2025-03-14 15:22:20 [main] INFO  o.s.b.d.r.RestartApplicationListener - Restart disabled due to context in which it is running
2025-03-14 15:22:20 [main] INFO  c.a.E.EmployeeManagementApplicationTests - Starting EmployeeManagementApplicationTests using Java 17.0.11 with PID 1952 (started by VENKATESH_BHARATH in C:\Users\USER\Downloads\EmployeeManagement\EmployeeManagement)
2025-03-14 15:22:20 [main] INFO  c.a.E.EmployeeManagementApplicationTests - No active profile set, falling back to 1 default profile: "default"
2025-03-14 15:22:22 [main] INFO  o.s.d.r.c.RepositoryConfigurationDelegate - Bootstrapping Spring Data JPA repositories in DEFAULT mode.
2025-03-14 15:22:22 [main] INFO  o.s.d.r.c.RepositoryConfigurationDelegate - Finished Spring Data repository scanning in 84 ms. Found 1 JPA repository interface.
2025-03-14 15:22:23 [main] INFO  com.zaxxer.hikari.HikariDataSource - HikariPool-1 - Starting...
2025-03-14 15:22:23 [main] INFO  com.zaxxer.hikari.pool.HikariPool - HikariPool-1 - Added connection conn0: url=jdbc:h2:mem:3c74a095-8676-430e-8b96-5e96bfb37b23 user=SA
2025-03-14 15:22:23 [main] INFO  com.zaxxer.hikari.HikariDataSource - HikariPool-1 - Start completed.
2025-03-14 15:22:23 [main] INFO  o.h.jpa.internal.util.LogHelper - HHH000204: Processing PersistenceUnitInfo [name: default]
2025-03-14 15:22:24 [main] INFO  org.hibernate.Version - HHH000412: Hibernate ORM core version 6.6.8.Final
2025-03-14 15:22:24 [main] INFO  o.h.c.i.RegionFactoryInitiator - HHH000026: Second-level cache disabled
2025-03-14 15:22:24 [main] INFO  o.s.o.j.p.SpringPersistenceUnitInfo - No LoadTimeWeaver setup: ignoring JPA class transformer
2025-03-14 15:22:24 [main] INFO  o.hibernate.orm.connections.pooling - HHH10001005: Database info:
	Database JDBC URL [Connecting through datasource 'HikariDataSource (HikariPool-1)']
	Database driver: undefined/unknown
	Database version: 2.3.232
	Autocommit mode: undefined/unknown
	Isolation level: undefined/unknown
	Minimum pool size: undefined/unknown
	Maximum pool size: undefined/unknown
2025-03-14 15:22:27 [main] INFO  o.h.e.t.j.p.i.JtaPlatformInitiator - HHH000489: No JTA platform available (set 'hibernate.transaction.jta.platform' to enable JTA platform integration)
2025-03-14 15:22:27 [main] INFO  o.s.o.j.LocalContainerEntityManagerFactoryBean - Initialized JPA EntityManagerFactory for persistence unit 'default'
2025-03-14 15:22:29 [main] INFO  o.s.b.a.e.web.EndpointLinksResolver - Exposing 15 endpoints beneath base path '/actuator'
2025-03-14 15:22:29 [main] WARN  o.s.b.a.o.j.JpaBaseConfiguration$JpaWebConfiguration - spring.jpa.open-in-view is enabled by default. Therefore, database queries may be performed during view rendering. Explicitly configure spring.jpa.open-in-view to disable this warning
2025-03-14 15:22:30 [main] INFO  c.a.E.EmployeeManagementApplicationTests - Started EmployeeManagementApplicationTests in 9.838 seconds (process running for 21.843)
2025-03-14 15:22:30 [main] INFO  o.s.t.c.s.AnnotationConfigContextLoaderUtils - Could not detect default configuration classes for test class [com.abc.EmployeeManagement.repository.EmployeeRepositoryTest]: EmployeeRepositoryTest does not declare any static, non-private, non-final, nested classes annotated with @Configuration.
2025-03-14 15:22:30 [main] INFO  o.s.b.t.c.SpringBootTestContextBootstrapper - Found @SpringBootConfiguration com.abc.EmployeeManagement.EmployeeManagementApplication for test class com.abc.EmployeeManagement.repository.EmployeeRepositoryTest
2025-03-14 15:22:30 [main] INFO  o.s.b.d.r.RestartApplicationListener - Restart disabled due to context in which it is running
2025-03-14 15:22:30 [main] INFO  c.a.E.r.EmployeeRepositoryTest - Starting EmployeeRepositoryTest using Java 17.0.11 with PID 1952 (started by VENKATESH_BHARATH in C:\Users\USER\Downloads\EmployeeManagement\EmployeeManagement)
2025-03-14 15:22:30 [main] INFO  c.a.E.r.EmployeeRepositoryTest - No active profile set, falling back to 1 default profile: "default"
2025-03-14 15:22:30 [main] INFO  o.s.d.r.c.RepositoryConfigurationDelegate - Bootstrapping Spring Data JPA repositories in DEFAULT mode.
2025-03-14 15:22:30 [main] INFO  o.s.d.r.c.RepositoryConfigurationDelegate - Finished Spring Data repository scanning in 22 ms. Found 1 JPA repository interface.
2025-03-14 15:22:30 [main] INFO  o.s.b.t.a.j.TestDatabaseAutoConfiguration$EmbeddedDataSourceBeanFactoryPostProcessor - Replacing 'dataSource' DataSource bean with embedded version
2025-03-14 15:22:30 [main] INFO  o.s.j.d.e.EmbeddedDatabaseFactory - Starting embedded database: url='jdbc:h2:mem:b743e553-6366-4ce3-be3d-9873bc9e9239;DB_CLOSE_DELAY=-1;DB_CLOSE_ON_EXIT=false', username='sa'
2025-03-14 15:22:30 [main] INFO  o.h.jpa.internal.util.LogHelper - HHH000204: Processing PersistenceUnitInfo [name: default]
2025-03-14 15:22:30 [main] INFO  o.h.c.i.RegionFactoryInitiator - HHH000026: Second-level cache disabled
2025-03-14 15:22:30 [main] INFO  o.s.o.j.p.SpringPersistenceUnitInfo - No LoadTimeWeaver setup: ignoring JPA class transformer
2025-03-14 15:22:30 [main] INFO  o.hibernate.orm.connections.pooling - HHH10001005: Database info:
	Database JDBC URL [Connecting through datasource 'org.springframework.jdbc.datasource.embedded.EmbeddedDatabaseFactory$EmbeddedDataSourceProxy@6666410a']
	Database driver: undefined/unknown
	Database version: 2.3.232
	Autocommit mode: undefined/unknown
	Isolation level: undefined/unknown
	Minimum pool size: undefined/unknown
	Maximum pool size: undefined/unknown
2025-03-14 15:22:30 [main] INFO  o.h.e.t.j.p.i.JtaPlatformInitiator - HHH000489: No JTA platform available (set 'hibernate.transaction.jta.platform' to enable JTA platform integration)
2025-03-14 15:22:30 [main] INFO  o.s.o.j.LocalContainerEntityManagerFactoryBean - Initialized JPA EntityManagerFactory for persistence unit 'default'
2025-03-14 15:22:31 [main] INFO  c.a.E.r.EmployeeRepositoryTest - Started EmployeeRepositoryTest in 0.478 seconds (process running for 22.499)
2025-03-14 15:22:32 [SpringApplicationShutdownHook] INFO  o.s.o.j.LocalContainerEntityManagerFactoryBean - Closing JPA EntityManagerFactory for persistence unit 'default'
2025-03-14 15:22:32 [SpringApplicationShutdownHook] INFO  com.zaxxer.hikari.HikariDataSource - HikariPool-1 - Shutdown initiated...
2025-03-14 15:22:32 [SpringApplicationShutdownHook] INFO  com.zaxxer.hikari.HikariDataSource - HikariPool-1 - Shutdown completed.
2025-03-14 15:22:32 [SpringApplicationShutdownHook] INFO  o.s.o.j.LocalContainerEntityManagerFactoryBean - Closing JPA EntityManagerFactory for persistence unit 'default'
2025-03-14 15:23:13 [background-preinit] INFO  o.h.validator.internal.util.Version - HV000001: Hibernate Validator 8.0.2.Final
2025-03-14 15:23:14 [main] INFO  c.a.E.c.EmployeeControllerTest - Starting EmployeeControllerTest using Java 17.0.11 with PID 4952 (started by VENKATESH_BHARATH in C:\Users\USER\Downloads\EmployeeManagement\EmployeeManagement)
2025-03-14 15:23:14 [main] INFO  c.a.E.c.EmployeeControllerTest - No active profile set, falling back to 1 default profile: "default"
2025-03-14 15:23:20 [main] INFO  o.s.b.t.m.w.SpringBootMockServletContext - Initializing Spring TestDispatcherServlet ''
2025-03-14 15:23:20 [main] INFO  o.s.t.w.s.TestDispatcherServlet - Initializing Servlet ''
2025-03-14 15:23:20 [main] INFO  o.s.t.w.s.TestDispatcherServlet - Completed initialization in 2 ms
2025-03-14 15:23:20 [main] INFO  c.a.E.c.EmployeeControllerTest - Started EmployeeControllerTest in 8.123 seconds (process running for 10.998)
2025-03-14 15:23:20 [main] WARN  c.a.E.controller.EmployeeController - Delete Employee API called 
2025-03-14 15:23:20 [main] INFO  c.a.E.controller.EmployeeController - Employee Deleted successfully with Id:1 
2025-03-14 15:23:20 [main] INFO  c.a.E.controller.EmployeeController - Update Employee API called 
2025-03-14 15:23:20 [main] INFO  c.a.E.controller.EmployeeController - Employee Updated successfully with Id:1 
2025-03-14 15:23:20 [main] INFO  c.a.E.controller.EmployeeController - Create Employee API called 
2025-03-14 15:23:20 [main] INFO  c.a.E.controller.EmployeeController - Employee created successfully with Id:1 
2025-03-14 15:23:20 [main] INFO  c.a.E.controller.EmployeeController - Get All Employees API called 
2025-03-14 15:26:41 [background-preinit] INFO  o.h.validator.internal.util.Version - HV000001: Hibernate Validator 8.0.2.Final
2025-03-14 15:26:41 [main] INFO  c.a.E.c.EmployeeControllerTest - Starting EmployeeControllerTest using Java 17.0.11 with PID 21984 (started by VENKATESH_BHARATH in C:\Users\USER\Downloads\EmployeeManagement\EmployeeManagement)
2025-03-14 15:26:41 [main] INFO  c.a.E.c.EmployeeControllerTest - No active profile set, falling back to 1 default profile: "default"
2025-03-14 15:26:46 [main] INFO  o.s.b.t.m.w.SpringBootMockServletContext - Initializing Spring TestDispatcherServlet ''
2025-03-14 15:26:46 [main] INFO  o.s.t.w.s.TestDispatcherServlet - Initializing Servlet ''
2025-03-14 15:26:46 [main] INFO  o.s.t.w.s.TestDispatcherServlet - Completed initialization in 2 ms
2025-03-14 15:26:46 [main] INFO  c.a.E.c.EmployeeControllerTest - Started EmployeeControllerTest in 7.195 seconds (process running for 11.089)
2025-03-14 15:26:47 [main] WARN  c.a.E.controller.EmployeeController - Delete Employee API called 
2025-03-14 15:26:47 [main] INFO  c.a.E.controller.EmployeeController - Employee Deleted successfully with Id:1 
2025-03-14 15:26:47 [main] INFO  c.a.E.controller.EmployeeController - Update Employee API called 
2025-03-14 15:26:47 [main] INFO  c.a.E.controller.EmployeeController - Employee Updated successfully with Id:1 
2025-03-14 15:26:47 [main] INFO  c.a.E.controller.EmployeeController - Create Employee API called 
2025-03-14 15:26:47 [main] INFO  c.a.E.controller.EmployeeController - Employee created successfully with Id:0 
2025-03-14 15:26:47 [main] INFO  c.a.E.controller.EmployeeController - Get All Employees API called 
2025-03-14 15:28:37 [background-preinit] INFO  o.h.validator.internal.util.Version - HV000001: Hibernate Validator 8.0.2.Final
2025-03-14 15:28:38 [main] INFO  c.a.E.c.EmployeeControllerTest - Starting EmployeeControllerTest using Java 17.0.11 with PID 17340 (started by VENKATESH_BHARATH in C:\Users\USER\Downloads\EmployeeManagement\EmployeeManagement)
2025-03-14 15:28:38 [main] INFO  c.a.E.c.EmployeeControllerTest - No active profile set, falling back to 1 default profile: "default"
2025-03-14 15:28:43 [main] INFO  o.s.b.t.m.w.SpringBootMockServletContext - Initializing Spring TestDispatcherServlet ''
2025-03-14 15:28:43 [main] INFO  o.s.t.w.s.TestDispatcherServlet - Initializing Servlet ''
2025-03-14 15:28:43 [main] INFO  o.s.t.w.s.TestDispatcherServlet - Completed initialization in 2 ms
2025-03-14 15:28:43 [main] INFO  c.a.E.c.EmployeeControllerTest - Started EmployeeControllerTest in 7.617 seconds (process running for 11.399)
2025-03-14 15:28:43 [main] WARN  c.a.E.controller.EmployeeController - Delete Employee API called 
2025-03-14 15:28:43 [main] INFO  c.a.E.controller.EmployeeController - Employee Deleted successfully with Id:1 
2025-03-14 15:28:43 [main] INFO  c.a.E.controller.EmployeeController - Update Employee API called 
2025-03-14 15:28:43 [main] INFO  c.a.E.controller.EmployeeController - Employee Updated successfully with Id:1 
2025-03-14 15:28:44 [main] INFO  c.a.E.controller.EmployeeController - Create Employee API called 
2025-03-14 15:28:44 [main] INFO  c.a.E.controller.EmployeeController - Employee created successfully with Id:0 
2025-03-14 15:28:44 [main] INFO  c.a.E.controller.EmployeeController - Get All Employees API called 
2025-03-14 15:32:00 [background-preinit] INFO  o.h.validator.internal.util.Version - HV000001: Hibernate Validator 8.0.2.Final
2025-03-14 15:32:00 [main] INFO  c.a.E.c.EmployeeControllerTest - Starting EmployeeControllerTest using Java 17.0.11 with PID 14656 (started by VENKATESH_BHARATH in C:\Users\USER\Downloads\EmployeeManagement\EmployeeManagement)
2025-03-14 15:32:00 [main] INFO  c.a.E.c.EmployeeControllerTest - No active profile set, falling back to 1 default profile: "default"
2025-03-14 15:32:06 [main] INFO  o.s.b.t.m.w.SpringBootMockServletContext - Initializing Spring TestDispatcherServlet ''
2025-03-14 15:32:06 [main] INFO  o.s.t.w.s.TestDispatcherServlet - Initializing Servlet ''
2025-03-14 15:32:06 [main] INFO  o.s.t.w.s.TestDispatcherServlet - Completed initialization in 2 ms
2025-03-14 15:32:07 [main] INFO  c.a.E.c.EmployeeControllerTest - Started EmployeeControllerTest in 7.612 seconds (process running for 10.907)
2025-03-14 15:32:07 [main] WARN  c.a.E.controller.EmployeeController - Delete Employee API called 
2025-03-14 15:32:07 [main] INFO  c.a.E.controller.EmployeeController - Employee Deleted successfully with Id:1 
2025-03-14 15:32:07 [main] INFO  c.a.E.controller.EmployeeController - Update Employee API called 
2025-03-14 15:32:07 [main] INFO  c.a.E.controller.EmployeeController - Employee Updated successfully with Id:1 
2025-03-14 15:32:07 [main] INFO  c.a.E.controller.EmployeeController - Create Employee API called 
2025-03-14 15:32:07 [main] INFO  c.a.E.controller.EmployeeController - Employee created successfully with Id:0 
2025-03-14 15:32:07 [main] INFO  c.a.E.controller.EmployeeController - Get All Employees API called 
2025-03-14 15:36:11 [background-preinit] INFO  o.h.validator.internal.util.Version - HV000001: Hibernate Validator 8.0.2.Final
2025-03-14 15:36:11 [main] INFO  c.a.E.c.EmployeeControllerTest - Starting EmployeeControllerTest using Java 17.0.11 with PID 12856 (started by VENKATESH_BHARATH in C:\Users\USER\Downloads\EmployeeManagement\EmployeeManagement)
2025-03-14 15:36:11 [main] INFO  c.a.E.c.EmployeeControllerTest - No active profile set, falling back to 1 default profile: "default"
2025-03-14 15:36:17 [main] INFO  o.s.b.t.m.w.SpringBootMockServletContext - Initializing Spring TestDispatcherServlet ''
2025-03-14 15:36:17 [main] INFO  o.s.t.w.s.TestDispatcherServlet - Initializing Servlet ''
2025-03-14 15:36:17 [main] INFO  o.s.t.w.s.TestDispatcherServlet - Completed initialization in 2 ms
2025-03-14 15:36:17 [main] INFO  c.a.E.c.EmployeeControllerTest - Started EmployeeControllerTest in 6.696 seconds (process running for 9.956)
2025-03-14 15:36:17 [main] WARN  c.a.E.controller.EmployeeController - Delete Employee API called 
2025-03-14 15:36:17 [main] INFO  c.a.E.controller.EmployeeController - Employee Deleted successfully with Id:1 
2025-03-14 15:36:18 [main] INFO  c.a.E.controller.EmployeeController - Update Employee API called 
2025-03-14 15:36:18 [main] INFO  c.a.E.controller.EmployeeController - Employee Updated successfully with Id:1 
2025-03-14 15:36:18 [main] INFO  c.a.E.controller.EmployeeController - Create Employee API called 
2025-03-14 15:36:18 [main] INFO  c.a.E.controller.EmployeeController - Employee created successfully with Id:0 
2025-03-14 15:36:18 [main] INFO  c.a.E.controller.EmployeeController - Get All Employees API called 
2025-03-14 16:00:23 [background-preinit] INFO  o.h.validator.internal.util.Version - HV000001: Hibernate Validator 8.0.2.Final
2025-03-14 16:00:23 [main] INFO  c.a.E.c.EmployeeControllerTest - Starting EmployeeControllerTest using Java 17.0.11 with PID 20380 (started by VENKATESH_BHARATH in C:\Users\USER\Downloads\EmployeeManagement\EmployeeManagement)
2025-03-14 16:00:23 [main] INFO  c.a.E.c.EmployeeControllerTest - No active profile set, falling back to 1 default profile: "default"
2025-03-14 16:00:28 [main] INFO  o.s.b.t.m.w.SpringBootMockServletContext - Initializing Spring TestDispatcherServlet ''
2025-03-14 16:00:28 [main] INFO  o.s.t.w.s.TestDispatcherServlet - Initializing Servlet ''
2025-03-14 16:00:28 [main] INFO  o.s.t.w.s.TestDispatcherServlet - Completed initialization in 2 ms
2025-03-14 16:00:28 [main] INFO  c.a.E.c.EmployeeControllerTest - Started EmployeeControllerTest in 6.412 seconds (process running for 8.869)
2025-03-14 16:00:29 [main] INFO  c.a.E.controller.EmployeeController - Create Employee API called 
2025-03-14 16:00:29 [main] INFO  c.a.E.controller.EmployeeController - Employee created successfully with Id:0 
2025-03-14 16:05:47 [background-preinit] INFO  o.h.validator.internal.util.Version - HV000001: Hibernate Validator 8.0.2.Final
2025-03-14 16:05:47 [main] INFO  c.a.E.c.EmployeeControllerTest - Starting EmployeeControllerTest using Java 17.0.11 with PID 20152 (started by VENKATESH_BHARATH in C:\Users\USER\Downloads\EmployeeManagement\EmployeeManagement)
2025-03-14 16:05:47 [main] INFO  c.a.E.c.EmployeeControllerTest - No active profile set, falling back to 1 default profile: "default"
2025-03-14 16:05:52 [main] INFO  o.s.b.t.m.w.SpringBootMockServletContext - Initializing Spring TestDispatcherServlet ''
2025-03-14 16:05:52 [main] INFO  o.s.t.w.s.TestDispatcherServlet - Initializing Servlet ''
2025-03-14 16:05:52 [main] INFO  o.s.t.w.s.TestDispatcherServlet - Completed initialization in 2 ms
2025-03-14 16:05:52 [main] INFO  c.a.E.c.EmployeeControllerTest - Started EmployeeControllerTest in 6.54 seconds (process running for 9.288)
2025-03-14 16:05:53 [main] INFO  c.a.E.controller.EmployeeController - Create Employee API called 
2025-03-14 16:05:53 [main] INFO  c.a.E.controller.EmployeeController - Employee created successfully with Id:0 
2025-03-14 16:20:51 [background-preinit] INFO  o.h.validator.internal.util.Version - HV000001: Hibernate Validator 8.0.2.Final
2025-03-14 16:20:51 [main] INFO  c.a.E.c.EmployeeControllerTest - Starting EmployeeControllerTest using Java 17.0.11 with PID 12940 (started by VENKATESH_BHARATH in C:\Users\USER\Downloads\EmployeeManagement\EmployeeManagement)
2025-03-14 16:20:51 [main] INFO  c.a.E.c.EmployeeControllerTest - No active profile set, falling back to 1 default profile: "default"
2025-03-14 16:20:56 [main] INFO  o.s.b.t.m.w.SpringBootMockServletContext - Initializing Spring TestDispatcherServlet ''
2025-03-14 16:20:56 [main] INFO  o.s.t.w.s.TestDispatcherServlet - Initializing Servlet ''
2025-03-14 16:20:56 [main] INFO  o.s.t.w.s.TestDispatcherServlet - Completed initialization in 1 ms
2025-03-14 16:20:56 [main] INFO  c.a.E.c.EmployeeControllerTest - Started EmployeeControllerTest in 6.223 seconds (process running for 8.514)
2025-03-14 16:20:56 [main] INFO  c.a.E.controller.EmployeeController - Create Employee API called 
2025-03-14 16:20:56 [main] INFO  c.a.E.controller.EmployeeController - Employee created successfully with Id:0 
2025-03-14 16:24:45 [background-preinit] INFO  o.h.validator.internal.util.Version - HV000001: Hibernate Validator 8.0.2.Final
2025-03-14 16:24:45 [main] INFO  c.a.E.c.EmployeeControllerTest - Starting EmployeeControllerTest using Java 17.0.11 with PID 12028 (started by VENKATESH_BHARATH in C:\Users\USER\Downloads\EmployeeManagement\EmployeeManagement)
2025-03-14 16:24:45 [main] INFO  c.a.E.c.EmployeeControllerTest - No active profile set, falling back to 1 default profile: "default"
2025-03-14 16:24:50 [main] INFO  o.s.b.t.m.w.SpringBootMockServletContext - Initializing Spring TestDispatcherServlet ''
2025-03-14 16:24:50 [main] INFO  o.s.t.w.s.TestDispatcherServlet - Initializing Servlet ''
2025-03-14 16:24:50 [main] INFO  o.s.t.w.s.TestDispatcherServlet - Completed initialization in 2 ms
2025-03-14 16:24:50 [main] INFO  c.a.E.c.EmployeeControllerTest - Started EmployeeControllerTest in 6.399 seconds (process running for 9.022)
2025-03-14 16:24:51 [main] INFO  c.a.E.controller.EmployeeController - Create Employee API called 
2025-03-14 16:24:51 [main] INFO  c.a.E.controller.EmployeeController - Employee created successfully with Id:0 
